<?xml version="1.0" encoding="UTF-8"?>
<testsuite xmlns:xsi="http://www.w3.org/2001/XMLSchema-instance" xsi:noNamespaceSchemaLocation="https://maven.apache.org/surefire/maven-surefire-plugin/xsd/surefire-test-report-3.0.xsd" version="3.0" name="example.LastTest" time="7.091" tests="1" errors="0" skipped="0" failures="0">
  <properties>
    <property name="java.specification.version" value="21"/>
    <property name="sun.jnu.encoding" value="UTF-8"/>
    <property name="java.class.path" value="/Users/ecembayindir/Desktop/SORBONNE/Classes/Neo4j_Cloud_2/Neo4j Project/neo4j-cours/neo4j-procedure-template-5.x/target/test-classes:/Users/ecembayindir/Desktop/SORBONNE/Classes/Neo4j_Cloud_2/Neo4j Project/neo4j-cours/neo4j-procedure-template-5.x/target/classes:/Users/ecembayindir/.m2/repository/org/neo4j/neo4j/5.12.0/neo4j-5.12.0.jar:/Users/ecembayindir/.m2/repository/org/neo4j/annotations/5.12.0/annotations-5.12.0.jar:/Users/ecembayindir/.m2/repository/org/eclipse/collections/eclipse-collections/11.1.0/eclipse-collections-11.1.0.jar:/Users/ecembayindir/.m2/repository/org/eclipse/collections/eclipse-collections-api/11.1.0/eclipse-collections-api-11.1.0.jar:/Users/ecembayindir/.m2/repository/org/apache/commons/commons-lang3/3.13.0/commons-lang3-3.13.0.jar:/Users/ecembayindir/.m2/repository/org/neo4j/neo4j-kernel/5.12.0/neo4j-kernel-5.12.0.jar:/Users/ecembayindir/.m2/repository/org/neo4j/neo4j-native/5.12.0/neo4j-native-5.12.0.jar:/Users/ecembayindir/.m2/repository/net/java/dev/jna/jna/5.13.0/jna-5.13.0.jar:/Users/ecembayindir/.m2/repository/org/neo4j/neo4j-graphdb-api/5.12.0/neo4j-graphdb-api-5.12.0.jar:/Users/ecembayindir/.m2/repository/org/neo4j/neo4j-kernel-api/5.12.0/neo4j-kernel-api-5.12.0.jar:/Users/ecembayindir/.m2/repository/org/neo4j/neo4j-monitoring/5.12.0/neo4j-monitoring-5.12.0.jar:/Users/ecembayindir/.m2/repository/org/neo4j/neo4j-diagnostics/5.12.0/neo4j-diagnostics-5.12.0.jar:/Users/ecembayindir/.m2/repository/org/neo4j/neo4j-schema/5.12.0/neo4j-schema-5.12.0.jar:/Users/ecembayindir/.m2/repository/org/neo4j/neo4j-lock/5.12.0/neo4j-lock-5.12.0.jar:/Users/ecembayindir/.m2/repository/org/neo4j/neo4j-token-api/5.12.0/neo4j-token-api-5.12.0.jar:/Users/ecembayindir/.m2/repository/org/neo4j/neo4j-storage-engine-util/5.12.0/neo4j-storage-engine-util-5.12.0.jar:/Users/ecembayindir/.m2/repository/org/neo4j/neo4j-common/5.12.0/neo4j-common-5.12.0.jar:/Users/ecembayindir/.m2/repository/org/neo4j/neo4j-values/5.12.0/neo4j-values-5.12.0.jar:/Users/ecembayindir/.m2/repository/org/neo4j/neo4j-unsafe/5.12.0/neo4j-unsafe-5.12.0.jar:/Users/ecembayindir/.m2/repository/org/neo4j/neo4j-collections/5.12.0/neo4j-collections-5.12.0.jar:/Users/ecembayindir/.m2/repository/com/github/ben-manes/caffeine/caffeine/3.1.7/caffeine-3.1.7.jar:/Users/ecembayindir/.m2/repository/org/neo4j/neo4j-io/5.12.0/neo4j-io-5.12.0.jar:/Users/ecembayindir/.m2/repository/org/neo4j/neo4j-concurrent/5.12.0/neo4j-concurrent-5.12.0.jar:/Users/ecembayindir/.m2/repository/org/neo4j/neo4j-logging/5.12.0/neo4j-logging-5.12.0.jar:/Users/ecembayindir/.m2/repository/org/codehaus/jettison/jettison/1.5.4/jettison-1.5.4.jar:/Users/ecembayindir/.m2/repository/org/apache/logging/log4j/log4j-core/2.20.0/log4j-core-2.20.0.jar:/Users/ecembayindir/.m2/repository/org/apache/logging/log4j/log4j-layout-template-json/2.20.0/log4j-layout-template-json-2.20.0.jar:/Users/ecembayindir/.m2/repository/org/neo4j/neo4j-configuration/5.12.0/neo4j-configuration-5.12.0.jar:/Users/ecembayindir/.m2/repository/com/github/seancfoley/ipaddress/5.4.0/ipaddress-5.4.0.jar:/Users/ecembayindir/.m2/repository/org/neo4j/neo4j-layout/5.12.0/neo4j-layout-5.12.0.jar:/Users/ecembayindir/.m2/repository/org/neo4j/neo4j-index/5.12.0/neo4j-index-5.12.0.jar:/Users/ecembayindir/.m2/repository/org/neo4j/neo4j-spatial-index/5.12.0/neo4j-spatial-index-5.12.0.jar:/Users/ecembayindir/.m2/repository/org/neo4j/neo4j-id-generator/5.12.0/neo4j-id-generator-5.12.0.jar:/Users/ecembayindir/.m2/repository/org/neo4j/neo4j-wal/5.12.0/neo4j-wal-5.12.0.jar:/Users/ecembayindir/.m2/repository/org/neo4j/neo4j-import-util/5.12.0/neo4j-import-util-5.12.0.jar:/Users/ecembayindir/.m2/repository/org/neo4j/neo4j-csv/5.12.0/neo4j-csv-5.12.0.jar:/Users/ecembayindir/.m2/repository/org/jctools/jctools-core/4.0.1/jctools-core-4.0.1.jar:/Users/ecembayindir/.m2/repository/org/neo4j/neo4j-fabric/5.12.0/neo4j-fabric-5.12.0.jar:/Users/ecembayindir/.m2/repository/org/neo4j/neo4j-front-end/5.12.0/neo4j-front-end-5.12.0.jar:/Users/ecembayindir/.m2/repository/org/neo4j/neo4j-expressions/5.12.0/neo4j-expressions-5.12.0.jar:/Users/ecembayindir/.m2/repository/org/neo4j/neo4j-cypher-macros/5.12.0/neo4j-cypher-macros-5.12.0.jar:/Users/ecembayindir/.m2/repository/org/scala-lang/scala-reflect/2.13.11/scala-reflect-2.13.11.jar:/Users/ecembayindir/.m2/repository/org/neo4j/neo4j-query-router/5.12.0/neo4j-query-router-5.12.0.jar:/Users/ecembayindir/.m2/repository/org/neo4j/neo4j-procedure/5.12.0/neo4j-procedure-5.12.0.jar:/Users/ecembayindir/.m2/repository/org/neo4j/neo4j-procedure-api/5.12.0/neo4j-procedure-api-5.12.0.jar:/Users/ecembayindir/.m2/repository/org/neo4j/neo4j-codegen/5.12.0/neo4j-codegen-5.12.0.jar:/Users/ecembayindir/.m2/repository/org/ow2/asm/asm-util/9.5/asm-util-9.5.jar:/Users/ecembayindir/.m2/repository/org/ow2/asm/asm-analysis/9.5/asm-analysis-9.5.jar:/Users/ecembayindir/.m2/repository/org/ow2/asm/asm-tree/9.5/asm-tree-9.5.jar:/Users/ecembayindir/.m2/repository/org/neo4j/neo4j-cypher-expression-evaluator/5.12.0/neo4j-cypher-expression-evaluator-5.12.0.jar:/Users/ecembayindir/.m2/repository/org/neo4j/neo4j-ast/5.12.0/neo4j-ast-5.12.0.jar:/Users/ecembayindir/.m2/repository/org/neo4j/neo4j-cypher-ast-factory/5.12.0/neo4j-cypher-ast-factory-5.12.0.jar:/Users/ecembayindir/.m2/repository/org/neo4j/cypher-ast-factory/5.12.0/cypher-ast-factory-5.12.0.jar:/Users/ecembayindir/.m2/repository/com/fasterxml/jackson/core/jackson-databind/2.15.2/jackson-databind-2.15.2.jar:/Users/ecembayindir/.m2/repository/com/fasterxml/jackson/core/jackson-annotations/2.15.2/jackson-annotations-2.15.2.jar:/Users/ecembayindir/.m2/repository/org/neo4j/neo4j-lucene-index/5.12.0/neo4j-lucene-index-5.12.0.jar:/Users/ecembayindir/.m2/repository/org/neo4j/neo4j-resource/5.12.0/neo4j-resource-5.12.0.jar:/Users/ecembayindir/.m2/repository/org/apache/lucene/lucene-analysis-common/9.7.0/lucene-analysis-common-9.7.0.jar:/Users/ecembayindir/.m2/repository/org/apache/lucene/lucene-core/9.7.0/lucene-core-9.7.0.jar:/Users/ecembayindir/.m2/repository/org/apache/lucene/lucene-queryparser/9.7.0/lucene-queryparser-9.7.0.jar:/Users/ecembayindir/.m2/repository/org/apache/lucene/lucene-backward-codecs/9.7.0/lucene-backward-codecs-9.7.0.jar:/Users/ecembayindir/.m2/repository/org/neo4j/neo4j-fulltext-index/5.12.0/neo4j-fulltext-index-5.12.0.jar:/Users/ecembayindir/.m2/repository/org/neo4j/neo4j-graph-algo/5.12.0/neo4j-graph-algo-5.12.0.jar:/Users/ecembayindir/.m2/repository/org/neo4j/neo4j-cypher-runtime-util/5.12.0/neo4j-cypher-runtime-util-5.12.0.jar:/Users/ecembayindir/.m2/repository/org/neo4j/neo4j-cypher-logical-plans/5.12.0/neo4j-cypher-logical-plans-5.12.0.jar:/Users/ecembayindir/.m2/repository/org/neo4j/neo4j-data-collector/5.12.0/neo4j-data-collector-5.12.0.jar:/Users/ecembayindir/.m2/repository/org/neo4j/neo4j-cypher-planner/5.12.0/neo4j-cypher-planner-5.12.0.jar:/Users/ecembayindir/.m2/repository/org/scala-lang/modules/scala-collection-contrib_2.13/0.3.0/scala-collection-contrib_2.13-0.3.0.jar:/Users/ecembayindir/.m2/repository/org/neo4j/neo4j-cypher-ir/5.12.0/neo4j-cypher-ir-5.12.0.jar:/Users/ecembayindir/.m2/repository/org/neo4j/neo4j-cypher-javacc-parser/5.12.0/neo4j-cypher-javacc-parser-5.12.0.jar:/Users/ecembayindir/.m2/repository/org/neo4j/neo4j-rewriting/5.12.0/neo4j-rewriting-5.12.0.jar:/Users/ecembayindir/.m2/repository/org/neo4j/neo4j-cypher/5.12.0/neo4j-cypher-5.12.0.jar:/Users/ecembayindir/.m2/repository/org/scala-lang/scala-library/2.13.11/scala-library-2.13.11.jar:/Users/ecembayindir/.m2/repository/org/neo4j/neo4j-cypher-physical-planning/5.12.0/neo4j-cypher-physical-planning-5.12.0.jar:/Users/ecembayindir/.m2/repository/org/neo4j/neo4j-exceptions/5.12.0/neo4j-exceptions-5.12.0.jar:/Users/ecembayindir/.m2/repository/org/neo4j/neo4j-util/5.12.0/neo4j-util-5.12.0.jar:/Users/ecembayindir/.m2/repository/org/neo4j/neo4j-cypher-config/5.12.0/neo4j-cypher-config-5.12.0.jar:/Users/ecembayindir/.m2/repository/com/propensive/magnolia_2.13/0.17.0/magnolia_2.13-0.17.0.jar:/Users/ecembayindir/.m2/repository/com/propensive/mercator_2.13/0.2.1/mercator_2.13-0.2.1.jar:/Users/ecembayindir/.m2/repository/org/neo4j/neo4j-cypher-cache/5.12.0/neo4j-cypher-cache-5.12.0.jar:/Users/ecembayindir/.m2/repository/org/neo4j/neo4j-cypher-planner-spi/5.12.0/neo4j-cypher-planner-spi-5.12.0.jar:/Users/ecembayindir/.m2/repository/org/neo4j/neo4j-cypher-interpreted-runtime/5.12.0/neo4j-cypher-interpreted-runtime-5.12.0.jar:/Users/ecembayindir/.m2/repository/org/neo4j/neo4j-cypher-slotted-runtime/5.12.0/neo4j-cypher-slotted-runtime-5.12.0.jar:/Users/ecembayindir/.m2/repository/org/apache/shiro/shiro-core/1.12.0/shiro-core-1.12.0.jar:/Users/ecembayindir/.m2/repository/org/apache/shiro/shiro-lang/1.12.0/shiro-lang-1.12.0.jar:/Users/ecembayindir/.m2/repository/org/apache/shiro/shiro-cache/1.12.0/shiro-cache-1.12.0.jar:/Users/ecembayindir/.m2/repository/org/apache/shiro/shiro-crypto-hash/1.12.0/shiro-crypto-hash-1.12.0.jar:/Users/ecembayindir/.m2/repository/org/apache/shiro/shiro-crypto-core/1.12.0/shiro-crypto-core-1.12.0.jar:/Users/ecembayindir/.m2/repository/org/apache/shiro/shiro-crypto-cipher/1.12.0/shiro-crypto-cipher-1.12.0.jar:/Users/ecembayindir/.m2/repository/org/apache/shiro/shiro-config-core/1.12.0/shiro-config-core-1.12.0.jar:/Users/ecembayindir/.m2/repository/org/apache/shiro/shiro-config-ogdl/1.12.0/shiro-config-ogdl-1.12.0.jar:/Users/ecembayindir/.m2/repository/commons-beanutils/commons-beanutils/1.9.4/commons-beanutils-1.9.4.jar:/Users/ecembayindir/.m2/repository/commons-collections/commons-collections/3.2.2/commons-collections-3.2.2.jar:/Users/ecembayindir/.m2/repository/org/apache/shiro/shiro-event/1.12.0/shiro-event-1.12.0.jar:/Users/ecembayindir/.m2/repository/org/bitbucket/inkytonik/kiama/kiama_2.13/2.5.1/kiama_2.13-2.5.1.jar:/Users/ecembayindir/.m2/repository/org/neo4j/neo4j-security/5.12.0/neo4j-security-5.12.0.jar:/Users/ecembayindir/.m2/repository/org/neo4j/neo4j-command-line/5.12.0/neo4j-command-line-5.12.0.jar:/Users/ecembayindir/.m2/repository/info/picocli/picocli/4.7.4/picocli-4.7.4.jar:/Users/ecembayindir/.m2/repository/org/neo4j/neo4j-bolt/5.12.0/neo4j-bolt-5.12.0.jar:/Users/ecembayindir/.m2/repository/org/neo4j/neo4j-ssl/5.12.0/neo4j-ssl-5.12.0.jar:/Users/ecembayindir/.m2/repository/org/neo4j/server-api/5.12.0/server-api-5.12.0.jar:/Users/ecembayindir/.m2/repository/jakarta/ws/rs/jakarta.ws.rs-api/2.1.6/jakarta.ws.rs-api-2.1.6.jar:/Users/ecembayindir/.m2/repository/io/netty/netty-codec-http/4.1.96.Final/netty-codec-http-4.1.96.Final.jar:/Users/ecembayindir/.m2/repository/io/netty/netty-transport-native-epoll/4.1.96.Final/netty-transport-native-epoll-4.1.96.Final-linux-x86_64.jar:/Users/ecembayindir/.m2/repository/io/netty/netty-transport-classes-epoll/4.1.96.Final/netty-transport-classes-epoll-4.1.96.Final.jar:/Users/ecembayindir/.m2/repository/io/netty/netty-transport-native-epoll/4.1.96.Final/netty-transport-native-epoll-4.1.96.Final-linux-aarch_64.jar:/Users/ecembayindir/.m2/repository/io/netty/netty-transport-native-kqueue/4.1.96.Final/netty-transport-native-kqueue-4.1.96.Final-osx-x86_64.jar:/Users/ecembayindir/.m2/repository/io/netty/netty-transport-classes-kqueue/4.1.96.Final/netty-transport-classes-kqueue-4.1.96.Final.jar:/Users/ecembayindir/.m2/repository/io/netty/netty-transport-native-kqueue/4.1.96.Final/netty-transport-native-kqueue-4.1.96.Final-osx-aarch_64.jar:/Users/ecembayindir/.m2/repository/org/neo4j/neo4j-consistency-check/5.12.0/neo4j-consistency-check-5.12.0.jar:/Users/ecembayindir/.m2/repository/org/neo4j/neo4j-record-storage-engine/5.12.0/neo4j-record-storage-engine-5.12.0.jar:/Users/ecembayindir/.m2/repository/commons-io/commons-io/2.13.0/commons-io-2.13.0.jar:/Users/ecembayindir/.m2/repository/org/neo4j/neo4j-dbms/5.12.0/neo4j-dbms-5.12.0.jar:/Users/ecembayindir/.m2/repository/org/jprocesses/jProcesses/1.6.5/jProcesses-1.6.5.jar:/Users/ecembayindir/.m2/repository/com/profesorfalken/WMI4Java/1.6.3/WMI4Java-1.6.3.jar:/Users/ecembayindir/.m2/repository/com/profesorfalken/jPowerShell/3.0/jPowerShell-3.0.jar:/Users/ecembayindir/.m2/repository/org/apache/commons/commons-compress/1.23.0/commons-compress-1.23.0.jar:/Users/ecembayindir/.m2/repository/org/apache/commons/commons-text/1.10.0/commons-text-1.10.0.jar:/Users/ecembayindir/.m2/repository/org/apache/commons/commons-configuration2/2.9.0/commons-configuration2-2.9.0.jar:/Users/ecembayindir/.m2/repository/org/neo4j/licensing-proxy/zstd-proxy/5.12.0/zstd-proxy-5.12.0.jar:/Users/ecembayindir/.m2/repository/com/github/luben/zstd-jni/1.5.5-5/zstd-jni-1.5.5-5.jar:/Users/ecembayindir/.m2/repository/org/neo4j/neo4j-import-tool/5.12.0/neo4j-import-tool-5.12.0.jar:/Users/ecembayindir/.m2/repository/org/neo4j/app/neo4j-server/5.12.0/neo4j-server-5.12.0.jar:/Users/ecembayindir/.m2/repository/org/eclipse/jetty/jetty-server/10.0.15/jetty-server-10.0.15.jar:/Users/ecembayindir/.m2/repository/org/eclipse/jetty/toolchain/jetty-servlet-api/4.0.6/jetty-servlet-api-4.0.6.jar:/Users/ecembayindir/.m2/repository/org/eclipse/jetty/jetty-http/10.0.15/jetty-http-10.0.15.jar:/Users/ecembayindir/.m2/repository/org/eclipse/jetty/jetty-util/10.0.15/jetty-util-10.0.15.jar:/Users/ecembayindir/.m2/repository/org/eclipse/jetty/jetty-io/10.0.15/jetty-io-10.0.15.jar:/Users/ecembayindir/.m2/repository/org/eclipse/jetty/jetty-webapp/10.0.15/jetty-webapp-10.0.15.jar:/Users/ecembayindir/.m2/repository/org/eclipse/jetty/jetty-servlet/10.0.15/jetty-servlet-10.0.15.jar:/Users/ecembayindir/.m2/repository/org/eclipse/jetty/jetty-security/10.0.15/jetty-security-10.0.15.jar:/Users/ecembayindir/.m2/repository/org/eclipse/jetty/jetty-xml/10.0.15/jetty-xml-10.0.15.jar:/Users/ecembayindir/.m2/repository/org/glassfish/jersey/inject/jersey-hk2/2.34/jersey-hk2-2.34.jar:/Users/ecembayindir/.m2/repository/org/glassfish/jersey/core/jersey-common/2.34/jersey-common-2.34.jar:/Users/ecembayindir/.m2/repository/jakarta/annotation/jakarta.annotation-api/1.3.5/jakarta.annotation-api-1.3.5.jar:/Users/ecembayindir/.m2/repository/org/glassfish/hk2/external/jakarta.inject/2.6.1/jakarta.inject-2.6.1.jar:/Users/ecembayindir/.m2/repository/org/glassfish/hk2/hk2-locator/2.6.1/hk2-locator-2.6.1.jar:/Users/ecembayindir/.m2/repository/org/glassfish/hk2/hk2-api/2.6.1/hk2-api-2.6.1.jar:/Users/ecembayindir/.m2/repository/org/glassfish/hk2/hk2-utils/2.6.1/hk2-utils-2.6.1.jar:/Users/ecembayindir/.m2/repository/org/javassist/javassist/3.25.0-GA/javassist-3.25.0-GA.jar:/Users/ecembayindir/.m2/repository/org/glassfish/jersey/containers/jersey-container-servlet/2.34/jersey-container-servlet-2.34.jar:/Users/ecembayindir/.m2/repository/org/glassfish/jersey/containers/jersey-container-servlet-core/2.34/jersey-container-servlet-core-2.34.jar:/Users/ecembayindir/.m2/repository/org/glassfish/jersey/core/jersey-server/2.34/jersey-server-2.34.jar:/Users/ecembayindir/.m2/repository/org/glassfish/jersey/core/jersey-client/2.34/jersey-client-2.34.jar:/Users/ecembayindir/.m2/repository/jakarta/validation/jakarta.validation-api/2.0.2/jakarta.validation-api-2.0.2.jar:/Users/ecembayindir/.m2/repository/com/fasterxml/jackson/core/jackson-core/2.15.2/jackson-core-2.15.2.jar:/Users/ecembayindir/.m2/repository/com/fasterxml/jackson/jaxrs/jackson-jaxrs-json-provider/2.15.2/jackson-jaxrs-json-provider-2.15.2.jar:/Users/ecembayindir/.m2/repository/com/fasterxml/jackson/jaxrs/jackson-jaxrs-base/2.15.2/jackson-jaxrs-base-2.15.2.jar:/Users/ecembayindir/.m2/repository/com/fasterxml/jackson/module/jackson-module-jaxb-annotations/2.15.2/jackson-module-jaxb-annotations-2.15.2.jar:/Users/ecembayindir/.m2/repository/org/glassfish/jaxb/jaxb-runtime/2.3.2/jaxb-runtime-2.3.2.jar:/Users/ecembayindir/.m2/repository/org/glassfish/jaxb/txw2/2.3.2/txw2-2.3.2.jar:/Users/ecembayindir/.m2/repository/com/sun/istack/istack-commons-runtime/3.0.8/istack-commons-runtime-3.0.8.jar:/Users/ecembayindir/.m2/repository/org/jvnet/staxex/stax-ex/1.8.1/stax-ex-1.8.1.jar:/Users/ecembayindir/.m2/repository/com/sun/xml/fastinfoset/FastInfoset/1.2.16/FastInfoset-1.2.16.jar:/Users/ecembayindir/.m2/repository/jakarta/activation/jakarta.activation-api/1.2.1/jakarta.activation-api-1.2.1.jar:/Users/ecembayindir/.m2/repository/jakarta/xml/bind/jakarta.xml.bind-api/2.3.2/jakarta.xml.bind-api-2.3.2.jar:/Users/ecembayindir/.m2/repository/org/neo4j/neo4j-capabilities/5.12.0/neo4j-capabilities-5.12.0.jar:/Users/ecembayindir/.m2/repository/org/neo4j/neo4j-slf4j-provider/5.12.0/neo4j-slf4j-provider-5.12.0.jar:/Users/ecembayindir/.m2/repository/org/slf4j/slf4j-api/2.0.7/slf4j-api-2.0.7.jar:/Users/ecembayindir/.m2/repository/org/apache/logging/log4j/log4j-api/2.20.0/log4j-api-2.20.0.jar:/Users/ecembayindir/.m2/repository/org/neo4j/test/neo4j-harness/5.12.0/neo4j-harness-5.12.0.jar:/Users/ecembayindir/.m2/repository/org/neo4j/test-utils/5.12.0/test-utils-5.12.0.jar:/Users/ecembayindir/.m2/repository/org/ow2/asm/asm/9.5/asm-9.5.jar:/Users/ecembayindir/.m2/repository/org/junit/jupiter/junit-jupiter/5.10.0/junit-jupiter-5.10.0.jar:/Users/ecembayindir/.m2/repository/org/junit/jupiter/junit-jupiter-params/5.10.0/junit-jupiter-params-5.10.0.jar:/Users/ecembayindir/.m2/repository/org/junit/platform/junit-platform-testkit/1.10.0/junit-platform-testkit-1.10.0.jar:/Users/ecembayindir/.m2/repository/org/mockito/mockito-core/5.4.0/mockito-core-5.4.0.jar:/Users/ecembayindir/.m2/repository/net/bytebuddy/byte-buddy-agent/1.14.5/byte-buddy-agent-1.14.5.jar:/Users/ecembayindir/.m2/repository/org/objenesis/objenesis/3.3/objenesis-3.3.jar:/Users/ecembayindir/.m2/repository/org/bouncycastle/bcpkix-jdk18on/1.76/bcpkix-jdk18on-1.76.jar:/Users/ecembayindir/.m2/repository/org/bouncycastle/bcutil-jdk18on/1.76/bcutil-jdk18on-1.76.jar:/Users/ecembayindir/.m2/repository/org/bouncycastle/bcprov-jdk18on/1.76/bcprov-jdk18on-1.76.jar:/Users/ecembayindir/.m2/repository/org/hamcrest/hamcrest/2.2/hamcrest-2.2.jar:/Users/ecembayindir/.m2/repository/org/awaitility/awaitility/4.2.0/awaitility-4.2.0.jar:/Users/ecembayindir/.m2/repository/org/neo4j/io-test-utils/5.12.0/io-test-utils-5.12.0.jar:/Users/ecembayindir/.m2/repository/commons-logging/commons-logging/1.2/commons-logging-1.2.jar:/Users/ecembayindir/.m2/repository/org/neo4j/app/neo4j-server-test-utils/5.12.0/neo4j-server-test-utils-5.12.0.jar:/Users/ecembayindir/.m2/repository/commons-codec/commons-codec/1.16.0/commons-codec-1.16.0.jar:/Users/ecembayindir/.m2/repository/org/junit/vintage/junit-vintage-engine/5.10.0/junit-vintage-engine-5.10.0.jar:/Users/ecembayindir/.m2/repository/junit/junit/4.13.2/junit-4.13.2.jar:/Users/ecembayindir/.m2/repository/org/hamcrest/hamcrest-core/1.3/hamcrest-core-1.3.jar:/Users/ecembayindir/.m2/repository/org/neo4j/driver/neo4j-java-driver/5.12.0/neo4j-java-driver-5.12.0.jar:/Users/ecembayindir/.m2/repository/org/reactivestreams/reactive-streams/1.0.4/reactive-streams-1.0.4.jar:/Users/ecembayindir/.m2/repository/io/netty/netty-handler/4.1.97.Final/netty-handler-4.1.97.Final.jar:/Users/ecembayindir/.m2/repository/io/netty/netty-common/4.1.97.Final/netty-common-4.1.97.Final.jar:/Users/ecembayindir/.m2/repository/io/netty/netty-resolver/4.1.97.Final/netty-resolver-4.1.97.Final.jar:/Users/ecembayindir/.m2/repository/io/netty/netty-buffer/4.1.97.Final/netty-buffer-4.1.97.Final.jar:/Users/ecembayindir/.m2/repository/io/netty/netty-transport/4.1.97.Final/netty-transport-4.1.97.Final.jar:/Users/ecembayindir/.m2/repository/io/netty/netty-transport-native-unix-common/4.1.97.Final/netty-transport-native-unix-common-4.1.97.Final.jar:/Users/ecembayindir/.m2/repository/io/netty/netty-codec/4.1.97.Final/netty-codec-4.1.97.Final.jar:/Users/ecembayindir/.m2/repository/io/netty/netty-tcnative-classes/2.0.61.Final/netty-tcnative-classes-2.0.61.Final.jar:/Users/ecembayindir/.m2/repository/io/projectreactor/reactor-core/3.5.9/reactor-core-3.5.9.jar:/Users/ecembayindir/.m2/repository/org/junit/jupiter/junit-jupiter-engine/5.10.0/junit-jupiter-engine-5.10.0.jar:/Users/ecembayindir/.m2/repository/org/junit/platform/junit-platform-engine/1.10.0/junit-platform-engine-1.10.0.jar:/Users/ecembayindir/.m2/repository/org/opentest4j/opentest4j/1.3.0/opentest4j-1.3.0.jar:/Users/ecembayindir/.m2/repository/org/junit/platform/junit-platform-commons/1.10.0/junit-platform-commons-1.10.0.jar:/Users/ecembayindir/.m2/repository/org/junit/jupiter/junit-jupiter-api/5.10.0/junit-jupiter-api-5.10.0.jar:/Users/ecembayindir/.m2/repository/org/apiguardian/apiguardian-api/1.1.2/apiguardian-api-1.1.2.jar:/Users/ecembayindir/.m2/repository/org/assertj/assertj-core/3.24.2/assertj-core-3.24.2.jar:/Users/ecembayindir/.m2/repository/net/bytebuddy/byte-buddy/1.12.21/byte-buddy-1.12.21.jar:"/>
    <property name="java.vm.vendor" value="Oracle Corporation"/>
    <property name="sun.arch.data.model" value="64"/>
    <property name="java.vendor.url" value="https://java.oracle.com/"/>
    <property name="user.timezone" value="Europe/Paris"/>
    <property name="os.name" value="Mac OS X"/>
    <property name="java.vm.specification.version" value="21"/>
    <property name="sun.java.launcher" value="SUN_STANDARD"/>
    <property name="user.country" value="TR"/>
    <property name="sun.boot.library.path" value="/Library/Java/JavaVirtualMachines/jdk-21.0.5.jdk/Contents/Home/lib"/>
    <property name="sun.java.command" value="/Users/ecembayindir/Desktop/SORBONNE/Classes/Neo4j_Cloud_2/Neo4j Project/neo4j-cours/neo4j-procedure-template-5.x/target/surefire/surefirebooter-20250203193137635_3.jar /Users/ecembayindir/Desktop/SORBONNE/Classes/Neo4j_Cloud_2/Neo4j Project/neo4j-cours/neo4j-procedure-template-5.x/target/surefire 2025-02-03T19-31-37_605-jvmRun1 surefire-20250203193137635_1tmp surefire_0-20250203193137635_2tmp"/>
    <property name="http.nonProxyHosts" value="local|*.local|169.254/16|*.169.254/16"/>
    <property name="jdk.debug" value="release"/>
    <property name="surefire.test.class.path" value="/Users/ecembayindir/Desktop/SORBONNE/Classes/Neo4j_Cloud_2/Neo4j Project/neo4j-cours/neo4j-procedure-template-5.x/target/test-classes:/Users/ecembayindir/Desktop/SORBONNE/Classes/Neo4j_Cloud_2/Neo4j Project/neo4j-cours/neo4j-procedure-template-5.x/target/classes:/Users/ecembayindir/.m2/repository/org/neo4j/neo4j/5.12.0/neo4j-5.12.0.jar:/Users/ecembayindir/.m2/repository/org/neo4j/annotations/5.12.0/annotations-5.12.0.jar:/Users/ecembayindir/.m2/repository/org/eclipse/collections/eclipse-collections/11.1.0/eclipse-collections-11.1.0.jar:/Users/ecembayindir/.m2/repository/org/eclipse/collections/eclipse-collections-api/11.1.0/eclipse-collections-api-11.1.0.jar:/Users/ecembayindir/.m2/repository/org/apache/commons/commons-lang3/3.13.0/commons-lang3-3.13.0.jar:/Users/ecembayindir/.m2/repository/org/neo4j/neo4j-kernel/5.12.0/neo4j-kernel-5.12.0.jar:/Users/ecembayindir/.m2/repository/org/neo4j/neo4j-native/5.12.0/neo4j-native-5.12.0.jar:/Users/ecembayindir/.m2/repository/net/java/dev/jna/jna/5.13.0/jna-5.13.0.jar:/Users/ecembayindir/.m2/repository/org/neo4j/neo4j-graphdb-api/5.12.0/neo4j-graphdb-api-5.12.0.jar:/Users/ecembayindir/.m2/repository/org/neo4j/neo4j-kernel-api/5.12.0/neo4j-kernel-api-5.12.0.jar:/Users/ecembayindir/.m2/repository/org/neo4j/neo4j-monitoring/5.12.0/neo4j-monitoring-5.12.0.jar:/Users/ecembayindir/.m2/repository/org/neo4j/neo4j-diagnostics/5.12.0/neo4j-diagnostics-5.12.0.jar:/Users/ecembayindir/.m2/repository/org/neo4j/neo4j-schema/5.12.0/neo4j-schema-5.12.0.jar:/Users/ecembayindir/.m2/repository/org/neo4j/neo4j-lock/5.12.0/neo4j-lock-5.12.0.jar:/Users/ecembayindir/.m2/repository/org/neo4j/neo4j-token-api/5.12.0/neo4j-token-api-5.12.0.jar:/Users/ecembayindir/.m2/repository/org/neo4j/neo4j-storage-engine-util/5.12.0/neo4j-storage-engine-util-5.12.0.jar:/Users/ecembayindir/.m2/repository/org/neo4j/neo4j-common/5.12.0/neo4j-common-5.12.0.jar:/Users/ecembayindir/.m2/repository/org/neo4j/neo4j-values/5.12.0/neo4j-values-5.12.0.jar:/Users/ecembayindir/.m2/repository/org/neo4j/neo4j-unsafe/5.12.0/neo4j-unsafe-5.12.0.jar:/Users/ecembayindir/.m2/repository/org/neo4j/neo4j-collections/5.12.0/neo4j-collections-5.12.0.jar:/Users/ecembayindir/.m2/repository/com/github/ben-manes/caffeine/caffeine/3.1.7/caffeine-3.1.7.jar:/Users/ecembayindir/.m2/repository/org/neo4j/neo4j-io/5.12.0/neo4j-io-5.12.0.jar:/Users/ecembayindir/.m2/repository/org/neo4j/neo4j-concurrent/5.12.0/neo4j-concurrent-5.12.0.jar:/Users/ecembayindir/.m2/repository/org/neo4j/neo4j-logging/5.12.0/neo4j-logging-5.12.0.jar:/Users/ecembayindir/.m2/repository/org/codehaus/jettison/jettison/1.5.4/jettison-1.5.4.jar:/Users/ecembayindir/.m2/repository/org/apache/logging/log4j/log4j-core/2.20.0/log4j-core-2.20.0.jar:/Users/ecembayindir/.m2/repository/org/apache/logging/log4j/log4j-layout-template-json/2.20.0/log4j-layout-template-json-2.20.0.jar:/Users/ecembayindir/.m2/repository/org/neo4j/neo4j-configuration/5.12.0/neo4j-configuration-5.12.0.jar:/Users/ecembayindir/.m2/repository/com/github/seancfoley/ipaddress/5.4.0/ipaddress-5.4.0.jar:/Users/ecembayindir/.m2/repository/org/neo4j/neo4j-layout/5.12.0/neo4j-layout-5.12.0.jar:/Users/ecembayindir/.m2/repository/org/neo4j/neo4j-index/5.12.0/neo4j-index-5.12.0.jar:/Users/ecembayindir/.m2/repository/org/neo4j/neo4j-spatial-index/5.12.0/neo4j-spatial-index-5.12.0.jar:/Users/ecembayindir/.m2/repository/org/neo4j/neo4j-id-generator/5.12.0/neo4j-id-generator-5.12.0.jar:/Users/ecembayindir/.m2/repository/org/neo4j/neo4j-wal/5.12.0/neo4j-wal-5.12.0.jar:/Users/ecembayindir/.m2/repository/org/neo4j/neo4j-import-util/5.12.0/neo4j-import-util-5.12.0.jar:/Users/ecembayindir/.m2/repository/org/neo4j/neo4j-csv/5.12.0/neo4j-csv-5.12.0.jar:/Users/ecembayindir/.m2/repository/org/jctools/jctools-core/4.0.1/jctools-core-4.0.1.jar:/Users/ecembayindir/.m2/repository/org/neo4j/neo4j-fabric/5.12.0/neo4j-fabric-5.12.0.jar:/Users/ecembayindir/.m2/repository/org/neo4j/neo4j-front-end/5.12.0/neo4j-front-end-5.12.0.jar:/Users/ecembayindir/.m2/repository/org/neo4j/neo4j-expressions/5.12.0/neo4j-expressions-5.12.0.jar:/Users/ecembayindir/.m2/repository/org/neo4j/neo4j-cypher-macros/5.12.0/neo4j-cypher-macros-5.12.0.jar:/Users/ecembayindir/.m2/repository/org/scala-lang/scala-reflect/2.13.11/scala-reflect-2.13.11.jar:/Users/ecembayindir/.m2/repository/org/neo4j/neo4j-query-router/5.12.0/neo4j-query-router-5.12.0.jar:/Users/ecembayindir/.m2/repository/org/neo4j/neo4j-procedure/5.12.0/neo4j-procedure-5.12.0.jar:/Users/ecembayindir/.m2/repository/org/neo4j/neo4j-procedure-api/5.12.0/neo4j-procedure-api-5.12.0.jar:/Users/ecembayindir/.m2/repository/org/neo4j/neo4j-codegen/5.12.0/neo4j-codegen-5.12.0.jar:/Users/ecembayindir/.m2/repository/org/ow2/asm/asm-util/9.5/asm-util-9.5.jar:/Users/ecembayindir/.m2/repository/org/ow2/asm/asm-analysis/9.5/asm-analysis-9.5.jar:/Users/ecembayindir/.m2/repository/org/ow2/asm/asm-tree/9.5/asm-tree-9.5.jar:/Users/ecembayindir/.m2/repository/org/neo4j/neo4j-cypher-expression-evaluator/5.12.0/neo4j-cypher-expression-evaluator-5.12.0.jar:/Users/ecembayindir/.m2/repository/org/neo4j/neo4j-ast/5.12.0/neo4j-ast-5.12.0.jar:/Users/ecembayindir/.m2/repository/org/neo4j/neo4j-cypher-ast-factory/5.12.0/neo4j-cypher-ast-factory-5.12.0.jar:/Users/ecembayindir/.m2/repository/org/neo4j/cypher-ast-factory/5.12.0/cypher-ast-factory-5.12.0.jar:/Users/ecembayindir/.m2/repository/com/fasterxml/jackson/core/jackson-databind/2.15.2/jackson-databind-2.15.2.jar:/Users/ecembayindir/.m2/repository/com/fasterxml/jackson/core/jackson-annotations/2.15.2/jackson-annotations-2.15.2.jar:/Users/ecembayindir/.m2/repository/org/neo4j/neo4j-lucene-index/5.12.0/neo4j-lucene-index-5.12.0.jar:/Users/ecembayindir/.m2/repository/org/neo4j/neo4j-resource/5.12.0/neo4j-resource-5.12.0.jar:/Users/ecembayindir/.m2/repository/org/apache/lucene/lucene-analysis-common/9.7.0/lucene-analysis-common-9.7.0.jar:/Users/ecembayindir/.m2/repository/org/apache/lucene/lucene-core/9.7.0/lucene-core-9.7.0.jar:/Users/ecembayindir/.m2/repository/org/apache/lucene/lucene-queryparser/9.7.0/lucene-queryparser-9.7.0.jar:/Users/ecembayindir/.m2/repository/org/apache/lucene/lucene-backward-codecs/9.7.0/lucene-backward-codecs-9.7.0.jar:/Users/ecembayindir/.m2/repository/org/neo4j/neo4j-fulltext-index/5.12.0/neo4j-fulltext-index-5.12.0.jar:/Users/ecembayindir/.m2/repository/org/neo4j/neo4j-graph-algo/5.12.0/neo4j-graph-algo-5.12.0.jar:/Users/ecembayindir/.m2/repository/org/neo4j/neo4j-cypher-runtime-util/5.12.0/neo4j-cypher-runtime-util-5.12.0.jar:/Users/ecembayindir/.m2/repository/org/neo4j/neo4j-cypher-logical-plans/5.12.0/neo4j-cypher-logical-plans-5.12.0.jar:/Users/ecembayindir/.m2/repository/org/neo4j/neo4j-data-collector/5.12.0/neo4j-data-collector-5.12.0.jar:/Users/ecembayindir/.m2/repository/org/neo4j/neo4j-cypher-planner/5.12.0/neo4j-cypher-planner-5.12.0.jar:/Users/ecembayindir/.m2/repository/org/scala-lang/modules/scala-collection-contrib_2.13/0.3.0/scala-collection-contrib_2.13-0.3.0.jar:/Users/ecembayindir/.m2/repository/org/neo4j/neo4j-cypher-ir/5.12.0/neo4j-cypher-ir-5.12.0.jar:/Users/ecembayindir/.m2/repository/org/neo4j/neo4j-cypher-javacc-parser/5.12.0/neo4j-cypher-javacc-parser-5.12.0.jar:/Users/ecembayindir/.m2/repository/org/neo4j/neo4j-rewriting/5.12.0/neo4j-rewriting-5.12.0.jar:/Users/ecembayindir/.m2/repository/org/neo4j/neo4j-cypher/5.12.0/neo4j-cypher-5.12.0.jar:/Users/ecembayindir/.m2/repository/org/scala-lang/scala-library/2.13.11/scala-library-2.13.11.jar:/Users/ecembayindir/.m2/repository/org/neo4j/neo4j-cypher-physical-planning/5.12.0/neo4j-cypher-physical-planning-5.12.0.jar:/Users/ecembayindir/.m2/repository/org/neo4j/neo4j-exceptions/5.12.0/neo4j-exceptions-5.12.0.jar:/Users/ecembayindir/.m2/repository/org/neo4j/neo4j-util/5.12.0/neo4j-util-5.12.0.jar:/Users/ecembayindir/.m2/repository/org/neo4j/neo4j-cypher-config/5.12.0/neo4j-cypher-config-5.12.0.jar:/Users/ecembayindir/.m2/repository/com/propensive/magnolia_2.13/0.17.0/magnolia_2.13-0.17.0.jar:/Users/ecembayindir/.m2/repository/com/propensive/mercator_2.13/0.2.1/mercator_2.13-0.2.1.jar:/Users/ecembayindir/.m2/repository/org/neo4j/neo4j-cypher-cache/5.12.0/neo4j-cypher-cache-5.12.0.jar:/Users/ecembayindir/.m2/repository/org/neo4j/neo4j-cypher-planner-spi/5.12.0/neo4j-cypher-planner-spi-5.12.0.jar:/Users/ecembayindir/.m2/repository/org/neo4j/neo4j-cypher-interpreted-runtime/5.12.0/neo4j-cypher-interpreted-runtime-5.12.0.jar:/Users/ecembayindir/.m2/repository/org/neo4j/neo4j-cypher-slotted-runtime/5.12.0/neo4j-cypher-slotted-runtime-5.12.0.jar:/Users/ecembayindir/.m2/repository/org/apache/shiro/shiro-core/1.12.0/shiro-core-1.12.0.jar:/Users/ecembayindir/.m2/repository/org/apache/shiro/shiro-lang/1.12.0/shiro-lang-1.12.0.jar:/Users/ecembayindir/.m2/repository/org/apache/shiro/shiro-cache/1.12.0/shiro-cache-1.12.0.jar:/Users/ecembayindir/.m2/repository/org/apache/shiro/shiro-crypto-hash/1.12.0/shiro-crypto-hash-1.12.0.jar:/Users/ecembayindir/.m2/repository/org/apache/shiro/shiro-crypto-core/1.12.0/shiro-crypto-core-1.12.0.jar:/Users/ecembayindir/.m2/repository/org/apache/shiro/shiro-crypto-cipher/1.12.0/shiro-crypto-cipher-1.12.0.jar:/Users/ecembayindir/.m2/repository/org/apache/shiro/shiro-config-core/1.12.0/shiro-config-core-1.12.0.jar:/Users/ecembayindir/.m2/repository/org/apache/shiro/shiro-config-ogdl/1.12.0/shiro-config-ogdl-1.12.0.jar:/Users/ecembayindir/.m2/repository/commons-beanutils/commons-beanutils/1.9.4/commons-beanutils-1.9.4.jar:/Users/ecembayindir/.m2/repository/commons-collections/commons-collections/3.2.2/commons-collections-3.2.2.jar:/Users/ecembayindir/.m2/repository/org/apache/shiro/shiro-event/1.12.0/shiro-event-1.12.0.jar:/Users/ecembayindir/.m2/repository/org/bitbucket/inkytonik/kiama/kiama_2.13/2.5.1/kiama_2.13-2.5.1.jar:/Users/ecembayindir/.m2/repository/org/neo4j/neo4j-security/5.12.0/neo4j-security-5.12.0.jar:/Users/ecembayindir/.m2/repository/org/neo4j/neo4j-command-line/5.12.0/neo4j-command-line-5.12.0.jar:/Users/ecembayindir/.m2/repository/info/picocli/picocli/4.7.4/picocli-4.7.4.jar:/Users/ecembayindir/.m2/repository/org/neo4j/neo4j-bolt/5.12.0/neo4j-bolt-5.12.0.jar:/Users/ecembayindir/.m2/repository/org/neo4j/neo4j-ssl/5.12.0/neo4j-ssl-5.12.0.jar:/Users/ecembayindir/.m2/repository/org/neo4j/server-api/5.12.0/server-api-5.12.0.jar:/Users/ecembayindir/.m2/repository/jakarta/ws/rs/jakarta.ws.rs-api/2.1.6/jakarta.ws.rs-api-2.1.6.jar:/Users/ecembayindir/.m2/repository/io/netty/netty-codec-http/4.1.96.Final/netty-codec-http-4.1.96.Final.jar:/Users/ecembayindir/.m2/repository/io/netty/netty-transport-native-epoll/4.1.96.Final/netty-transport-native-epoll-4.1.96.Final-linux-x86_64.jar:/Users/ecembayindir/.m2/repository/io/netty/netty-transport-classes-epoll/4.1.96.Final/netty-transport-classes-epoll-4.1.96.Final.jar:/Users/ecembayindir/.m2/repository/io/netty/netty-transport-native-epoll/4.1.96.Final/netty-transport-native-epoll-4.1.96.Final-linux-aarch_64.jar:/Users/ecembayindir/.m2/repository/io/netty/netty-transport-native-kqueue/4.1.96.Final/netty-transport-native-kqueue-4.1.96.Final-osx-x86_64.jar:/Users/ecembayindir/.m2/repository/io/netty/netty-transport-classes-kqueue/4.1.96.Final/netty-transport-classes-kqueue-4.1.96.Final.jar:/Users/ecembayindir/.m2/repository/io/netty/netty-transport-native-kqueue/4.1.96.Final/netty-transport-native-kqueue-4.1.96.Final-osx-aarch_64.jar:/Users/ecembayindir/.m2/repository/org/neo4j/neo4j-consistency-check/5.12.0/neo4j-consistency-check-5.12.0.jar:/Users/ecembayindir/.m2/repository/org/neo4j/neo4j-record-storage-engine/5.12.0/neo4j-record-storage-engine-5.12.0.jar:/Users/ecembayindir/.m2/repository/commons-io/commons-io/2.13.0/commons-io-2.13.0.jar:/Users/ecembayindir/.m2/repository/org/neo4j/neo4j-dbms/5.12.0/neo4j-dbms-5.12.0.jar:/Users/ecembayindir/.m2/repository/org/jprocesses/jProcesses/1.6.5/jProcesses-1.6.5.jar:/Users/ecembayindir/.m2/repository/com/profesorfalken/WMI4Java/1.6.3/WMI4Java-1.6.3.jar:/Users/ecembayindir/.m2/repository/com/profesorfalken/jPowerShell/3.0/jPowerShell-3.0.jar:/Users/ecembayindir/.m2/repository/org/apache/commons/commons-compress/1.23.0/commons-compress-1.23.0.jar:/Users/ecembayindir/.m2/repository/org/apache/commons/commons-text/1.10.0/commons-text-1.10.0.jar:/Users/ecembayindir/.m2/repository/org/apache/commons/commons-configuration2/2.9.0/commons-configuration2-2.9.0.jar:/Users/ecembayindir/.m2/repository/org/neo4j/licensing-proxy/zstd-proxy/5.12.0/zstd-proxy-5.12.0.jar:/Users/ecembayindir/.m2/repository/com/github/luben/zstd-jni/1.5.5-5/zstd-jni-1.5.5-5.jar:/Users/ecembayindir/.m2/repository/org/neo4j/neo4j-import-tool/5.12.0/neo4j-import-tool-5.12.0.jar:/Users/ecembayindir/.m2/repository/org/neo4j/app/neo4j-server/5.12.0/neo4j-server-5.12.0.jar:/Users/ecembayindir/.m2/repository/org/eclipse/jetty/jetty-server/10.0.15/jetty-server-10.0.15.jar:/Users/ecembayindir/.m2/repository/org/eclipse/jetty/toolchain/jetty-servlet-api/4.0.6/jetty-servlet-api-4.0.6.jar:/Users/ecembayindir/.m2/repository/org/eclipse/jetty/jetty-http/10.0.15/jetty-http-10.0.15.jar:/Users/ecembayindir/.m2/repository/org/eclipse/jetty/jetty-util/10.0.15/jetty-util-10.0.15.jar:/Users/ecembayindir/.m2/repository/org/eclipse/jetty/jetty-io/10.0.15/jetty-io-10.0.15.jar:/Users/ecembayindir/.m2/repository/org/eclipse/jetty/jetty-webapp/10.0.15/jetty-webapp-10.0.15.jar:/Users/ecembayindir/.m2/repository/org/eclipse/jetty/jetty-servlet/10.0.15/jetty-servlet-10.0.15.jar:/Users/ecembayindir/.m2/repository/org/eclipse/jetty/jetty-security/10.0.15/jetty-security-10.0.15.jar:/Users/ecembayindir/.m2/repository/org/eclipse/jetty/jetty-xml/10.0.15/jetty-xml-10.0.15.jar:/Users/ecembayindir/.m2/repository/org/glassfish/jersey/inject/jersey-hk2/2.34/jersey-hk2-2.34.jar:/Users/ecembayindir/.m2/repository/org/glassfish/jersey/core/jersey-common/2.34/jersey-common-2.34.jar:/Users/ecembayindir/.m2/repository/jakarta/annotation/jakarta.annotation-api/1.3.5/jakarta.annotation-api-1.3.5.jar:/Users/ecembayindir/.m2/repository/org/glassfish/hk2/external/jakarta.inject/2.6.1/jakarta.inject-2.6.1.jar:/Users/ecembayindir/.m2/repository/org/glassfish/hk2/hk2-locator/2.6.1/hk2-locator-2.6.1.jar:/Users/ecembayindir/.m2/repository/org/glassfish/hk2/hk2-api/2.6.1/hk2-api-2.6.1.jar:/Users/ecembayindir/.m2/repository/org/glassfish/hk2/hk2-utils/2.6.1/hk2-utils-2.6.1.jar:/Users/ecembayindir/.m2/repository/org/javassist/javassist/3.25.0-GA/javassist-3.25.0-GA.jar:/Users/ecembayindir/.m2/repository/org/glassfish/jersey/containers/jersey-container-servlet/2.34/jersey-container-servlet-2.34.jar:/Users/ecembayindir/.m2/repository/org/glassfish/jersey/containers/jersey-container-servlet-core/2.34/jersey-container-servlet-core-2.34.jar:/Users/ecembayindir/.m2/repository/org/glassfish/jersey/core/jersey-server/2.34/jersey-server-2.34.jar:/Users/ecembayindir/.m2/repository/org/glassfish/jersey/core/jersey-client/2.34/jersey-client-2.34.jar:/Users/ecembayindir/.m2/repository/jakarta/validation/jakarta.validation-api/2.0.2/jakarta.validation-api-2.0.2.jar:/Users/ecembayindir/.m2/repository/com/fasterxml/jackson/core/jackson-core/2.15.2/jackson-core-2.15.2.jar:/Users/ecembayindir/.m2/repository/com/fasterxml/jackson/jaxrs/jackson-jaxrs-json-provider/2.15.2/jackson-jaxrs-json-provider-2.15.2.jar:/Users/ecembayindir/.m2/repository/com/fasterxml/jackson/jaxrs/jackson-jaxrs-base/2.15.2/jackson-jaxrs-base-2.15.2.jar:/Users/ecembayindir/.m2/repository/com/fasterxml/jackson/module/jackson-module-jaxb-annotations/2.15.2/jackson-module-jaxb-annotations-2.15.2.jar:/Users/ecembayindir/.m2/repository/org/glassfish/jaxb/jaxb-runtime/2.3.2/jaxb-runtime-2.3.2.jar:/Users/ecembayindir/.m2/repository/org/glassfish/jaxb/txw2/2.3.2/txw2-2.3.2.jar:/Users/ecembayindir/.m2/repository/com/sun/istack/istack-commons-runtime/3.0.8/istack-commons-runtime-3.0.8.jar:/Users/ecembayindir/.m2/repository/org/jvnet/staxex/stax-ex/1.8.1/stax-ex-1.8.1.jar:/Users/ecembayindir/.m2/repository/com/sun/xml/fastinfoset/FastInfoset/1.2.16/FastInfoset-1.2.16.jar:/Users/ecembayindir/.m2/repository/jakarta/activation/jakarta.activation-api/1.2.1/jakarta.activation-api-1.2.1.jar:/Users/ecembayindir/.m2/repository/jakarta/xml/bind/jakarta.xml.bind-api/2.3.2/jakarta.xml.bind-api-2.3.2.jar:/Users/ecembayindir/.m2/repository/org/neo4j/neo4j-capabilities/5.12.0/neo4j-capabilities-5.12.0.jar:/Users/ecembayindir/.m2/repository/org/neo4j/neo4j-slf4j-provider/5.12.0/neo4j-slf4j-provider-5.12.0.jar:/Users/ecembayindir/.m2/repository/org/slf4j/slf4j-api/2.0.7/slf4j-api-2.0.7.jar:/Users/ecembayindir/.m2/repository/org/apache/logging/log4j/log4j-api/2.20.0/log4j-api-2.20.0.jar:/Users/ecembayindir/.m2/repository/org/neo4j/test/neo4j-harness/5.12.0/neo4j-harness-5.12.0.jar:/Users/ecembayindir/.m2/repository/org/neo4j/test-utils/5.12.0/test-utils-5.12.0.jar:/Users/ecembayindir/.m2/repository/org/ow2/asm/asm/9.5/asm-9.5.jar:/Users/ecembayindir/.m2/repository/org/junit/jupiter/junit-jupiter/5.10.0/junit-jupiter-5.10.0.jar:/Users/ecembayindir/.m2/repository/org/junit/jupiter/junit-jupiter-params/5.10.0/junit-jupiter-params-5.10.0.jar:/Users/ecembayindir/.m2/repository/org/junit/platform/junit-platform-testkit/1.10.0/junit-platform-testkit-1.10.0.jar:/Users/ecembayindir/.m2/repository/org/mockito/mockito-core/5.4.0/mockito-core-5.4.0.jar:/Users/ecembayindir/.m2/repository/net/bytebuddy/byte-buddy-agent/1.14.5/byte-buddy-agent-1.14.5.jar:/Users/ecembayindir/.m2/repository/org/objenesis/objenesis/3.3/objenesis-3.3.jar:/Users/ecembayindir/.m2/repository/org/bouncycastle/bcpkix-jdk18on/1.76/bcpkix-jdk18on-1.76.jar:/Users/ecembayindir/.m2/repository/org/bouncycastle/bcutil-jdk18on/1.76/bcutil-jdk18on-1.76.jar:/Users/ecembayindir/.m2/repository/org/bouncycastle/bcprov-jdk18on/1.76/bcprov-jdk18on-1.76.jar:/Users/ecembayindir/.m2/repository/org/hamcrest/hamcrest/2.2/hamcrest-2.2.jar:/Users/ecembayindir/.m2/repository/org/awaitility/awaitility/4.2.0/awaitility-4.2.0.jar:/Users/ecembayindir/.m2/repository/org/neo4j/io-test-utils/5.12.0/io-test-utils-5.12.0.jar:/Users/ecembayindir/.m2/repository/commons-logging/commons-logging/1.2/commons-logging-1.2.jar:/Users/ecembayindir/.m2/repository/org/neo4j/app/neo4j-server-test-utils/5.12.0/neo4j-server-test-utils-5.12.0.jar:/Users/ecembayindir/.m2/repository/commons-codec/commons-codec/1.16.0/commons-codec-1.16.0.jar:/Users/ecembayindir/.m2/repository/org/junit/vintage/junit-vintage-engine/5.10.0/junit-vintage-engine-5.10.0.jar:/Users/ecembayindir/.m2/repository/junit/junit/4.13.2/junit-4.13.2.jar:/Users/ecembayindir/.m2/repository/org/hamcrest/hamcrest-core/1.3/hamcrest-core-1.3.jar:/Users/ecembayindir/.m2/repository/org/neo4j/driver/neo4j-java-driver/5.12.0/neo4j-java-driver-5.12.0.jar:/Users/ecembayindir/.m2/repository/org/reactivestreams/reactive-streams/1.0.4/reactive-streams-1.0.4.jar:/Users/ecembayindir/.m2/repository/io/netty/netty-handler/4.1.97.Final/netty-handler-4.1.97.Final.jar:/Users/ecembayindir/.m2/repository/io/netty/netty-common/4.1.97.Final/netty-common-4.1.97.Final.jar:/Users/ecembayindir/.m2/repository/io/netty/netty-resolver/4.1.97.Final/netty-resolver-4.1.97.Final.jar:/Users/ecembayindir/.m2/repository/io/netty/netty-buffer/4.1.97.Final/netty-buffer-4.1.97.Final.jar:/Users/ecembayindir/.m2/repository/io/netty/netty-transport/4.1.97.Final/netty-transport-4.1.97.Final.jar:/Users/ecembayindir/.m2/repository/io/netty/netty-transport-native-unix-common/4.1.97.Final/netty-transport-native-unix-common-4.1.97.Final.jar:/Users/ecembayindir/.m2/repository/io/netty/netty-codec/4.1.97.Final/netty-codec-4.1.97.Final.jar:/Users/ecembayindir/.m2/repository/io/netty/netty-tcnative-classes/2.0.61.Final/netty-tcnative-classes-2.0.61.Final.jar:/Users/ecembayindir/.m2/repository/io/projectreactor/reactor-core/3.5.9/reactor-core-3.5.9.jar:/Users/ecembayindir/.m2/repository/org/junit/jupiter/junit-jupiter-engine/5.10.0/junit-jupiter-engine-5.10.0.jar:/Users/ecembayindir/.m2/repository/org/junit/platform/junit-platform-engine/1.10.0/junit-platform-engine-1.10.0.jar:/Users/ecembayindir/.m2/repository/org/opentest4j/opentest4j/1.3.0/opentest4j-1.3.0.jar:/Users/ecembayindir/.m2/repository/org/junit/platform/junit-platform-commons/1.10.0/junit-platform-commons-1.10.0.jar:/Users/ecembayindir/.m2/repository/org/junit/jupiter/junit-jupiter-api/5.10.0/junit-jupiter-api-5.10.0.jar:/Users/ecembayindir/.m2/repository/org/apiguardian/apiguardian-api/1.1.2/apiguardian-api-1.1.2.jar:/Users/ecembayindir/.m2/repository/org/assertj/assertj-core/3.24.2/assertj-core-3.24.2.jar:/Users/ecembayindir/.m2/repository/net/bytebuddy/byte-buddy/1.12.21/byte-buddy-1.12.21.jar:"/>
    <property name="sun.cpu.endian" value="little"/>
    <property name="user.home" value="/Users/ecembayindir"/>
    <property name="user.language" value="en"/>
    <property name="java.specification.vendor" value="Oracle Corporation"/>
    <property name="java.version.date" value="2024-10-15"/>
    <property name="java.home" value="/Library/Java/JavaVirtualMachines/jdk-21.0.5.jdk/Contents/Home"/>
    <property name="file.separator" value="/"/>
    <property name="basedir" value="/Users/ecembayindir/Desktop/SORBONNE/Classes/Neo4j_Cloud_2/Neo4j Project/neo4j-cours/neo4j-procedure-template-5.x"/>
    <property name="java.vm.compressedOopsMode" value="Zero based"/>
    <property name="line.separator" value="&#10;"/>
    <property name="java.vm.specification.vendor" value="Oracle Corporation"/>
    <property name="java.specification.name" value="Java Platform API Specification"/>
    <property name="apple.awt.application.name" value="ForkedBooter"/>
    <property name="surefire.real.class.path" value="/Users/ecembayindir/Desktop/SORBONNE/Classes/Neo4j_Cloud_2/Neo4j Project/neo4j-cours/neo4j-procedure-template-5.x/target/surefire/surefirebooter-20250203193137635_3.jar"/>
    <property name="sun.management.compiler" value="HotSpot 64-Bit Tiered Compilers"/>
    <property name="ftp.nonProxyHosts" value="local|*.local|169.254/16|*.169.254/16"/>
    <property name="java.runtime.version" value="21.0.5+9-LTS-239"/>
    <property name="user.name" value="ecembayindir"/>
    <property name="stdout.encoding" value="UTF-8"/>
    <property name="path.separator" value=":"/>
    <property name="os.version" value="15.2"/>
    <property name="java.runtime.name" value="Java(TM) SE Runtime Environment"/>
    <property name="file.encoding" value="UTF-8"/>
    <property name="jnidispatch.path" value="/Users/ecembayindir/Library/Caches/JNA/temp/jna17778316456102277269.tmp"/>
    <property name="java.vm.name" value="Java HotSpot(TM) 64-Bit Server VM"/>
    <property name="localRepository" value="/Users/ecembayindir/.m2/repository"/>
    <property name="jna.loaded" value="true"/>
    <property name="java.vendor.url.bug" value="https://bugreport.java.com/bugreport/"/>
    <property name="java.io.tmpdir" value="/var/folders/1v/pz8dlqzj74g8zd23rjj2vfxw0000gn/T/"/>
    <property name="java.version" value="21.0.5"/>
    <property name="user.dir" value="/Users/ecembayindir/Desktop/SORBONNE/Classes/Neo4j_Cloud_2/Neo4j Project/neo4j-cours/neo4j-procedure-template-5.x"/>
    <property name="os.arch" value="aarch64"/>
    <property name="java.vm.specification.name" value="Java Virtual Machine Specification"/>
    <property name="native.encoding" value="UTF-8"/>
    <property name="java.library.path" value="/Users/ecembayindir/Library/Java/Extensions:/Library/Java/Extensions:/Network/Library/Java/Extensions:/System/Library/Java/Extensions:/usr/lib/java:."/>
    <property name="java.vm.info" value="mixed mode, sharing"/>
    <property name="stderr.encoding" value="UTF-8"/>
    <property name="java.vendor" value="Oracle Corporation"/>
    <property name="java.vm.version" value="21.0.5+9-LTS-239"/>
    <property name="sun.io.unicode.encoding" value="UnicodeBig"/>
    <property name="socksNonProxyHosts" value="local|*.local|169.254/16|*.169.254/16"/>
    <property name="java.class.version" value="65.0"/>
  </properties>
  <testcase name="shouldAllowReturningTheLastValue" classname="example.LastTest" time="0.27"/>
</testsuite>